{"level":"info","message":"Application starting...","timestamp":"2025-07-21 06:01:31"}
{"level":"info","message":"Server running on port 4000","timestamp":"2025-07-21 06:01:31"}
{"level":"info","message":"Application starting...","timestamp":"2025-07-21 06:11:09"}
{"level":"info","message":"Server running on port 4000","timestamp":"2025-07-21 06:11:09"}
{"level":"info","message":"Application starting...","timestamp":"2025-07-21 06:16:54"}
{"level":"info","message":"Server running on port 4000","timestamp":"2025-07-21 06:16:54"}
{"level":"info","message":"Application starting...","timestamp":"2025-07-21 06:18:47"}
{"level":"info","message":"Server running on port 4000","timestamp":"2025-07-21 06:18:47"}
{"level":"info","message":"Application starting...","timestamp":"2025-07-21 06:19:31"}
{"level":"info","message":"Server running on port 4000","timestamp":"2025-07-21 06:19:31"}
{"level":"info","message":"Application starting...","timestamp":"2025-07-21 06:21:01"}
{"level":"info","message":"Server running on port 4000","timestamp":"2025-07-21 06:21:01"}
{"level":"info","message":"Application starting...","timestamp":"2025-07-21 06:25:08"}
{"level":"info","message":"Server running on port 4000","timestamp":"2025-07-21 06:25:08"}
{"level":"info","message":"Application starting...","timestamp":"2025-07-21 06:27:45"}
{"level":"info","message":"Server running on port 4000","timestamp":"2025-07-21 06:27:45"}
{"level":"info","message":"Application starting...","timestamp":"2025-07-21 06:28:23"}
{"level":"info","message":"Server running on port 4000","timestamp":"2025-07-21 06:28:23"}
{"level":"info","message":"Application starting...","timestamp":"2025-07-21 06:31:46"}
{"level":"info","message":"Server running on port 4000","timestamp":"2025-07-21 06:31:46"}
{"level":"info","message":"Application starting...","timestamp":"2025-07-21 06:32:22"}
{"level":"info","message":"Server running on port 4000","timestamp":"2025-07-21 06:32:22"}
{"level":"info","message":"Application starting...","timestamp":"2025-07-21 06:35:45"}
{"level":"info","message":"Server running on port 4000","timestamp":"2025-07-21 06:35:45"}
{"level":"info","message":"Application starting...","timestamp":"2025-07-21 06:38:31"}
{"level":"info","message":"Server running on port 4000","timestamp":"2025-07-21 06:38:31"}
{"level":"info","message":"Application starting...","timestamp":"2025-07-21 06:38:36"}
{"level":"info","message":"Server running on port 4000","timestamp":"2025-07-21 06:38:36"}
{"level":"info","message":"Application starting...","timestamp":"2025-07-21 06:41:01"}
{"level":"info","message":"Server running on port 4000","timestamp":"2025-07-21 06:41:01"}
{"level":"info","message":"Application starting...","timestamp":"2025-07-21 06:41:29"}
{"level":"info","message":"Server running on port 4000","timestamp":"2025-07-21 06:41:29"}
{"level":"info","message":"Application starting...","timestamp":"2025-07-21 06:43:21"}
{"level":"info","message":"Server running on port 4000","timestamp":"2025-07-21 06:43:21"}
{"level":"info","message":"Application starting...","timestamp":"2025-07-21 06:46:14"}
{"level":"info","message":"Server running on port 4000","timestamp":"2025-07-21 06:46:14"}
{"level":"info","message":"HTTP GET /api-docs/ - IP: ::ffff:127.0.0.1","timestamp":"2025-07-21 06:46:15"}
{"level":"info","message":"HTTP GET /api-docs/swagger-ui.css - IP: ::ffff:127.0.0.1","timestamp":"2025-07-21 06:46:15"}
{"level":"info","message":"HTTP GET /api-docs/swagger-ui-bundle.js - IP: ::ffff:127.0.0.1","timestamp":"2025-07-21 06:46:15"}
{"level":"info","message":"HTTP GET /api-docs/swagger-ui-init.js - IP: ::ffff:127.0.0.1","timestamp":"2025-07-21 06:46:15"}
{"level":"info","message":"HTTP GET /api-docs/swagger-ui-standalone-preset.js - IP: ::ffff:127.0.0.1","timestamp":"2025-07-21 06:46:15"}
{"level":"info","message":"HTTP GET /api-docs/favicon-16x16.png - IP: ::ffff:127.0.0.1","timestamp":"2025-07-21 06:46:15"}
{"level":"info","message":"Application starting...","timestamp":"2025-07-21 06:57:46"}
{"level":"info","message":"Server running on port 4000","timestamp":"2025-07-21 06:57:46"}
{"level":"info","message":"Application starting...","timestamp":"2025-07-21 06:58:15"}
{"level":"info","message":"Server running on port 4000","timestamp":"2025-07-21 06:58:15"}
{"level":"info","message":"Application starting...","timestamp":"2025-07-21 06:59:21"}
{"level":"info","message":"Server running on port 4000","timestamp":"2025-07-21 06:59:21"}
{"level":"info","message":"Application starting...","timestamp":"2025-07-21 06:59:38"}
{"level":"info","message":"Server running on port 4000","timestamp":"2025-07-21 06:59:38"}
{"level":"info","message":"HTTP POST /api/auth/ - IP: ::ffff:127.0.0.1","timestamp":"2025-07-21 07:12:47"}
{"level":"info","message":"HTTP POST / - IP: ::1","timestamp":"2025-07-21 07:12:47"}
